<?xml version="1.0" encoding="UTF-8"?>
<!-- Generated by org.testng.reporters.JUnitXMLReporter -->
<testsuite ignored="9" hostname="Abhijeet" failures="0" tests="1" name="Default test" time="3.541" errors="0" timestamp="2026-02-08T21:58:55 IST">
  <testcase classname="in.at.test.LoggingInRestAssured" name="logIfStatusCodeIsEqual" time="3.457"/>
  <testcase classname="in.at.test.LoggingInRestAssured" name="logIfValidationFails" time="0.0">
    <ignored/>
  </testcase> <!-- logIfValidationFails -->
  <testcase classname="in.at.test.LoggingInRestAssured" name="logAllRequest" time="0.0">
    <ignored/>
  </testcase> <!-- logAllRequest -->
  <testcase classname="in.at.test.LoggingInRestAssured" name="logRequestBody" time="0.0">
    <ignored/>
  </testcase> <!-- logRequestBody -->
  <testcase classname="in.at.test.LoggingInRestAssured" name="logResponseHeader" time="0.0">
    <ignored/>
  </testcase> <!-- logResponseHeader -->
  <testcase classname="in.at.test.LoggingInRestAssured" name="logIfError" time="0.0">
    <ignored/>
  </testcase> <!-- logIfError -->
  <testcase classname="in.at.test.LoggingInRestAssured" name="logResponseStatusCode" time="0.0">
    <ignored/>
  </testcase> <!-- logResponseStatusCode -->
  <testcase classname="in.at.test.LoggingInRestAssured" name="logResponseCookies" time="0.0">
    <ignored/>
  </testcase> <!-- logResponseCookies -->
  <testcase classname="in.at.test.LoggingInRestAssured" name="logAllResponse" time="0.0">
    <ignored/>
  </testcase> <!-- logAllResponse -->
  <testcase classname="in.at.test.LoggingInRestAssured" name="logResponseBody" time="0.0">
    <ignored/>
  </testcase> <!-- logResponseBody -->
</testsuite> <!-- Default test -->
