<?xml version="1.0" encoding="UTF-8"?>
<!-- Generated by org.testng.reporters.JUnitXMLReporter -->
<testsuite ignored="1" hostname="Abhijeet" failures="0" tests="1" name="Default test" time="5.058" errors="0" timestamp="2026-02-07T23:29:50 IST">
  <testcase classname="in.at.test.RestAssuredAPIPut" name="getAllItemsFromCart" time="5.008"/>
  <testcase classname="in.at.test.RestAssuredAPIPut" name="updateAnItemQuantity" time="0.0">
    <ignored/>
  </testcase> <!-- updateAnItemQuantity -->
</testsuite> <!-- Default test -->
