<?xml version="1.0" encoding="UTF-8"?>
<testng-results ignored="1" total="2" passed="1" failed="0" skipped="0">
  <reporter-output>
  </reporter-output>
  <suite started-at="2026-02-07T23:29:45 IST" name="Default suite" finished-at="2026-02-07T23:29:50 IST" duration-ms="5058">
    <groups>
    </groups>
    <test started-at="2026-02-07T23:29:45 IST" name="Default test" finished-at="2026-02-07T23:29:50 IST" duration-ms="5058">
      <class name="in.at.test.RestAssuredAPIPut">
        <test-method signature="getAllItemsFromCart()[pri:0, instance:in.at.test.RestAssuredAPIPut@73e9cf30]" started-at="2026-02-07T23:29:45 IST" name="getAllItemsFromCart" finished-at="2026-02-07T23:29:50 IST" duration-ms="5008" status="PASS">
          <reporter-output>
          </reporter-output>
        </test-method> <!-- getAllItemsFromCart -->
      </class> <!-- in.at.test.RestAssuredAPIPut -->
    </test> <!-- Default test -->
  </suite> <!-- Default suite -->
</testng-results>
