<?xml version="1.0" encoding="UTF-8"?>
<testng-results ignored="9" total="10" passed="1" failed="0" skipped="0">
  <reporter-output>
  </reporter-output>
  <suite started-at="2026-02-08T21:58:51 IST" name="Default suite" finished-at="2026-02-08T21:58:55 IST" duration-ms="3541">
    <groups>
    </groups>
    <test started-at="2026-02-08T21:58:51 IST" name="Default test" finished-at="2026-02-08T21:58:55 IST" duration-ms="3541">
      <class name="in.at.test.LoggingInRestAssured">
        <test-method signature="logIfStatusCodeIsEqual()[pri:0, instance:in.at.test.LoggingInRestAssured@6574a52c]" started-at="2026-02-08T21:58:51 IST" name="logIfStatusCodeIsEqual" finished-at="2026-02-08T21:58:55 IST" duration-ms="3457" status="PASS">
          <reporter-output>
          </reporter-output>
        </test-method> <!-- logIfStatusCodeIsEqual -->
      </class> <!-- in.at.test.LoggingInRestAssured -->
    </test> <!-- Default test -->
  </suite> <!-- Default suite -->
</testng-results>
