<?xml version="1.0" encoding="UTF-8"?>
<!-- Generated by org.testng.reporters.JUnitReportReporter -->
<testsuite hostname="Abhijeet" failures="0" tests="2" name="practice.TestValidateResponse" time="2.001" errors="0" timestamp="2026-05-26T13:00:15 IST" skipped="1">
  <testcase classname="practice.TestValidateResponse" name="validatableResponse" time="2.001"/>
  <testcase classname="practice.TestValidateResponse" name="validateResponse">
    <skipped/>
  </testcase> <!-- validateResponse -->
</testsuite> <!-- practice.TestValidateResponse -->
