<?xml version="1.0" encoding="UTF-8"?>
<!-- Generated by org.testng.reporters.JUnitReportReporter -->
<testsuite hostname="Abhijeet" failures="0" tests="2" name="practice.TestGetHeadersAndCookies" time="3.297" errors="0" timestamp="2026-05-26T16:33:59 IST" skipped="0">
  <testcase classname="practice.TestGetHeadersAndCookies" name="getHeader" time="1.275"/>
  <testcase classname="practice.TestGetHeadersAndCookies" name="getCokkies" time="2.022"/>
</testsuite> <!-- practice.TestGetHeadersAndCookies -->
