<?xml version="1.0" encoding="UTF-8"?>
<!-- Generated by org.testng.reporters.JUnitReportReporter -->
<testsuite hostname="Abhijeet" failures="0" tests="2" name="practice.TestResponseSepcification" time="3.673" errors="0" timestamp="2026-05-29T01:21:00 IST" skipped="0">
  <testcase classname="practice.TestResponseSepcification" name="getBookingByName" time="1.965"/>
  <testcase classname="practice.TestResponseSepcification" name="getTest" time="1.708"/>
</testsuite> <!-- practice.TestResponseSepcification -->
