<?xml version="1.0" encoding="UTF-8"?>
<!-- Generated by org.testng.reporters.JUnitReportReporter -->
<testsuite hostname="Abhijeet" failures="0" tests="4" name="practice.localAPI" time="1.129" errors="0" timestamp="2026-05-27T23:37:54 IST" skipped="1">
  <testcase classname="practice.localAPI" name="deleteUser" time="0.806"/>
  <testcase classname="practice.localAPI" name="readUser" time="0.023"/>
  <testcase classname="practice.localAPI" name="updtaeUser" time="0.300"/>
  <testcase classname="practice.localAPI" name="createUser">
    <skipped/>
  </testcase> <!-- createUser -->
</testsuite> <!-- practice.localAPI -->
